<?xml version="1.0" encoding="UTF-8"?>
<!-- Generated by org.testng.reporters.JUnitReportReporter -->
<testsuite hostname="LAPTOP-GUNR1UGH" failures="0" tests="1" name="com.practice.testscript.WebTableTest" time="16.875" errors="0" timestamp="2021-11-10T17:25:44 IST" skipped="0">
  <testcase classname="com.practice.testscript.WebTableTest" name="webTableTest" time="16.875"/>
  <system-out/>
</testsuite> <!-- com.practice.testscript.WebTableTest -->
