<?xml version="1.0" encoding="UTF-8"?>
<!-- Generated by org.testng.reporters.JUnitReportReporter -->
<testsuite hostname="LAPTOP-GUNR1UGH" failures="0" tests="1" name="DDT_PROG.CreateUserTest" time="0.021" errors="0" timestamp="26 Oct 2021 10:58:11 GMT" skipped="0">
  <testcase classname="DDT_PROG.CreateUserTest" name="createUserTest" time="0.021"/>
</testsuite> <!-- DDT_PROG.CreateUserTest -->
