<?xml version="1.0" encoding="UTF-8"?>
<!-- Generated by org.testng.reporters.JUnitReportReporter -->
<testsuite hostname="LAPTOP-GUNR1UGH" failures="0" tests="3" name="TestNGPractice.DependsOnMethod" time="219.793" errors="0" timestamp="2021-11-01T17:22:28 IST" skipped="0">
  <testcase classname="TestNGPractice.DependsOnMethod" name="deleteOnMethod" time="102.254"/>
  <system-out/>
  <testcase classname="TestNGPractice.DependsOnMethod" name="createOnMethod" time="54.925"/>
  <system-out/>
  <testcase classname="TestNGPractice.DependsOnMethod" name="modifyOnMethod" time="62.614"/>
  <system-out/>
</testsuite> <!-- TestNGPractice.DependsOnMethod -->
