<?xml version="1.0" encoding="UTF-8"?>
<!-- Generated by org.testng.reporters.JUnitReportReporter -->
<testsuite hostname="LAPTOP-GUNR1UGH" failures="0" tests="1" name="MY_PROG.VerifyTheTableTest" time="0.471" errors="0" timestamp="28 Oct 2021 06:24:15 GMT" skipped="0">
  <testcase classname="MY_PROG.VerifyTheTableTest" name="verifyThetableTest" time="0.471"/>
</testsuite> <!-- MY_PROG.VerifyTheTableTest -->
