<?xml version="1.0" encoding="UTF-8"?>
<!-- Generated by org.testng.reporters.JUnitReportReporter -->
<testsuite hostname="LAPTOP-GUNR1UGH" failures="0" tests="1" name="com.practice.testscript.LeskartTest" time="35.986" errors="0" timestamp="2021-11-11T17:18:01 IST" skipped="0">
  <testcase classname="com.practice.testscript.LeskartTest" name="leskartTest" time="35.986"/>
  <system-out/>
</testsuite> <!-- com.practice.testscript.LeskartTest -->
