<?xml version="1.0" encoding="UTF-8"?>
<!-- Generated by org.testng.reporters.JUnitReportReporter -->
<testsuite hostname="LAPTOP-GUNR1UGH" failures="0" tests="1" name="MY_PROG.ExecuteUpdateTest" time="0.393" errors="0" timestamp="28 Oct 2021 06:54:13 GMT" skipped="0">
  <testcase classname="MY_PROG.ExecuteUpdateTest" name="executeUpdateTest" time="0.393"/>
</testsuite> <!-- MY_PROG.ExecuteUpdateTest -->
