<?xml version="1.0" encoding="UTF-8"?>
<!-- Generated by org.testng.reporters.JUnitReportReporter -->
<testsuite hostname="LAPTOP-GUNR1UGH" failures="0" tests="1" name="DDT_PROG.ReadTheDataFromPropertiesFilesText" time="0.024" errors="0" timestamp="26 Oct 2021 08:06:22 GMT" skipped="0">
  <testcase classname="DDT_PROG.ReadTheDataFromPropertiesFilesText" name="readTheDataFromPropertiesFilesText" time="0.024"/>
</testsuite> <!-- DDT_PROG.ReadTheDataFromPropertiesFilesText -->
