<?xml version="1.0" encoding="UTF-8"?>
<!-- Generated by org.testng.reporters.JUnitReportReporter -->
<testsuite hostname="LAPTOP-GUNR1UGH" failures="0" tests="1" name="com.practice.testscript.SalaryInExcelTest" time="0.882" errors="0" timestamp="2021-11-11T13:00:25 IST" skipped="0">
  <testcase classname="com.practice.testscript.SalaryInExcelTest" name="salaryInExcelTest" time="0.882"/>
  <system-out/>
</testsuite> <!-- com.practice.testscript.SalaryInExcelTest -->
