<?xml version="1.0" encoding="UTF-8"?>
<!-- Generated by org.testng.reporters.JUnitReportReporter -->
<testsuite hostname="LAPTOP-GUNR1UGH" failures="0" tests="1" name="com.practice.testscript.HandlinWindowsPopUpsTest" time="17.333" errors="0" timestamp="2021-11-10T17:40:47 IST" skipped="0">
  <testcase classname="com.practice.testscript.HandlinWindowsPopUpsTest" name="handlinWindowsPopUpsTest" time="17.333"/>
  <system-out/>
</testsuite> <!-- com.practice.testscript.HandlinWindowsPopUpsTest -->
