<?xml version="1.0" encoding="UTF-8"?>
<!-- Generated by org.testng.reporters.JUnitReportReporter -->
<testsuite hostname="LAPTOP-GUNR1UGH" failures="0" tests="3" name="TestNGPractice.Priorityflag" time="0.017" errors="0" timestamp="2021-11-01T16:23:05 IST" skipped="0">
  <testcase classname="TestNGPractice.Priorityflag" name="createorganisation" time="0.013"/>
  <system-out/>
  <testcase classname="TestNGPractice.Priorityflag" name="modifyOrganisation" time="0.002"/>
  <system-out/>
  <testcase classname="TestNGPractice.Priorityflag" name="deleteOrganisation" time="0.002"/>
  <system-out/>
</testsuite> <!-- TestNGPractice.Priorityflag -->
