<?xml version="1.0" encoding="UTF-8"?>
<!-- Generated by org.testng.reporters.JUnitReportReporter -->
<testsuite hostname="LAPTOP-GUNR1UGH" failures="0" tests="1" name="com.practice.testscript.DebuggingTest" time="87.898" errors="0" timestamp="2021-11-11T17:40:10 IST" skipped="0">
  <testcase classname="com.practice.testscript.DebuggingTest" name="debuggingTest" time="87.898"/>
  <system-out/>
</testsuite> <!-- com.practice.testscript.DebuggingTest -->
