<?xml version="1.0" encoding="UTF-8"?>
<!-- Generated by org.testng.reporters.JUnitReportReporter -->
<testsuite hostname="LAPTOP-GUNR1UGH" failures="0" tests="1" name="DDT_PROG.CreateJason" time="0.045" errors="0" timestamp="27 Oct 2021 09:27:45 GMT" skipped="0">
  <testcase classname="DDT_PROG.CreateJason" name="createJason" time="0.045"/>
</testsuite> <!-- DDT_PROG.CreateJason -->
