<?xml version="1.0" encoding="UTF-8"?>
<!-- Generated by org.testng.reporters.JUnitReportReporter -->
<testsuite hostname="LAPTOP-GUNR1UGH" failures="0" tests="1" name="com.practice.testscript.OlympicTest" time="40.795" errors="0" timestamp="2021-11-11T15:15:53 IST" skipped="0">
  <testcase classname="com.practice.testscript.OlympicTest" name="olympicTest" time="40.795"/>
  <system-out/>
</testsuite> <!-- com.practice.testscript.OlympicTest -->
