<?xml version="1.0" encoding="UTF-8"?>
<!-- Generated by org.testng.reporters.JUnitReportReporter -->
<testsuite hostname="LAPTOP-GUNR1UGH" failures="0" tests="1" name="MY_PROG.ExecuteQueryTest" time="0.664" errors="0" timestamp="27 Oct 2021 11:18:36 GMT" skipped="0">
  <testcase classname="MY_PROG.ExecuteQueryTest" name="executeQueryTest" time="0.664"/>
</testsuite> <!-- MY_PROG.ExecuteQueryTest -->
